-------------------------------------------------------------------------------
Test set: com.example.goods.business.repository.GoodsRepositoryTest
-------------------------------------------------------------------------------
Tests run: 13, Failures: 0, Errors: 13, Skipped: 0, Time elapsed: 30.191 s <<< FAILURE! - in com.example.goods.business.repository.GoodsRepositoryTest
testFindGoods_ˆÙíŒn_íœÏ‚Ý‚Ì¤•iƒR[ƒh(com.example.goods.business.repository.GoodsRepositoryTest)  Time elapsed: 0.016 s  <<< ERROR!
java.lang.IllegalStateException: Failed to load ApplicationContext
Caused by: org.springframework.beans.factory.BeanCreationException: Error creating bean with name 'goodsCreateController' defined in file [C:\pleiades\workspace\17.Web.Warehouse3wakaranai\target\classes\com\example\goods\web\controller\GoodsCreateController.class]: Instantiation of bean failed; nested exception is java.lang.AbstractMethodError: org.apache.logging.log4j.core.config.ConfigurationFactory.getConfiguration(Lorg/apache/logging/log4j/core/config/ConfigurationSource;)Lorg/apache/logging/log4j/core/config/Configuration;
Caused by: java.lang.AbstractMethodError: org.apache.logging.log4j.core.config.ConfigurationFactory.getConfiguration(Lorg/apache/logging/log4j/core/config/ConfigurationSource;)Lorg/apache/logging/log4j/core/config/Configuration;

testIsGoodsDeactive_ˆÙíŒn_–¢“o˜^‚Ì¤•iƒR[ƒh(com.example.goods.business.repository.GoodsRepositoryTest)  Time elapsed: 0 s  <<< ERROR!
java.lang.IllegalStateException: Failed to load ApplicationContext
Caused by: org.springframework.beans.factory.BeanCreationException: Error creating bean with name 'goodsCreateController' defined in file [C:\pleiades\workspace\17.Web.Warehouse3wakaranai\target\classes\com\example\goods\web\controller\GoodsCreateController.class]: Instantiation of bean failed; nested exception is java.lang.NoClassDefFoundError: Could not initialize class com.example.goods.web.controller.GoodsCreateController
Caused by: java.lang.NoClassDefFoundError: Could not initialize class com.example.goods.web.controller.GoodsCreateController

testFindGoods_³íŒn(com.example.goods.business.repository.GoodsRepositoryTest)  Time elapsed: 0.001 s  <<< ERROR!
java.lang.IllegalStateException: Failed to load ApplicationContext
Caused by: org.springframework.beans.factory.BeanCreationException: Error creating bean with name 'goodsCreateController' defined in file [C:\pleiades\workspace\17.Web.Warehouse3wakaranai\target\classes\com\example\goods\web\controller\GoodsCreateController.class]: Instantiation of bean failed; nested exception is java.lang.NoClassDefFoundError: Could not initialize class com.example.goods.web.controller.GoodsCreateController
Caused by: java.lang.NoClassDefFoundError: Could not initialize class com.example.goods.web.controller.GoodsCreateController

testCreateGoods_³íŒn(com.example.goods.business.repository.GoodsRepositoryTest)  Time elapsed: 0 s  <<< ERROR!
java.lang.IllegalStateException: Failed to load ApplicationContext
Caused by: org.springframework.beans.factory.BeanCreationException: Error creating bean with name 'goodsCreateController' defined in file [C:\pleiades\workspace\17.Web.Warehouse3wakaranai\target\classes\com\example\goods\web\controller\GoodsCreateController.class]: Instantiation of bean failed; nested exception is java.lang.NoClassDefFoundError: Could not initialize class com.example.goods.web.controller.GoodsCreateController
Caused by: java.lang.NoClassDefFoundError: Could not initialize class com.example.goods.web.controller.GoodsCreateController

testFindGoods_ˆÙíŒn_‘¶Ý‚µ‚È‚¢¤•iƒR[ƒh(com.example.goods.business.repository.GoodsRepositoryTest)  Time elapsed: 0 s  <<< ERROR!
java.lang.IllegalStateException: Failed to load ApplicationContext
Caused by: org.springframework.beans.factory.BeanCreationException: Error creating bean with name 'goodsCreateController' defined in file [C:\pleiades\workspace\17.Web.Warehouse3wakaranai\target\classes\com\example\goods\web\controller\GoodsCreateController.class]: Instantiation of bean failed; nested exception is java.lang.NoClassDefFoundError: Could not initialize class com.example.goods.web.controller.GoodsCreateController
Caused by: java.lang.NoClassDefFoundError: Could not initialize class com.example.goods.web.controller.GoodsCreateController

testDeleteGoods_ˆÙíŒn_íœÏ‚Ý‚Ì¤•iƒR[ƒh(com.example.goods.business.repository.GoodsRepositoryTest)  Time elapsed: 0 s  <<< ERROR!
java.lang.IllegalStateException: Failed to load ApplicationContext
Caused by: org.springframework.beans.factory.BeanCreationException: Error creating bean with name 'goodsCreateController' defined in file [C:\pleiades\workspace\17.Web.Warehouse3wakaranai\target\classes\com\example\goods\web\controller\GoodsCreateController.class]: Instantiation of bean failed; nested exception is java.lang.NoClassDefFoundError: Could not initialize class com.example.goods.web.controller.GoodsCreateController
Caused by: java.lang.NoClassDefFoundError: Could not initialize class com.example.goods.web.controller.GoodsCreateController

testFindAllGoods_ˆÙíŒn_1Œ‚à‚È‚¢(com.example.goods.business.repository.GoodsRepositoryTest)  Time elapsed: 0 s  <<< ERROR!
java.lang.IllegalStateException: Failed to load ApplicationContext
Caused by: org.springframework.beans.factory.BeanCreationException: Error creating bean with name 'goodsCreateController' defined in file [C:\pleiades\workspace\17.Web.Warehouse3wakaranai\target\classes\com\example\goods\web\controller\GoodsCreateController.class]: Instantiation of bean failed; nested exception is java.lang.NoClassDefFoundError: Could not initialize class com.example.goods.web.controller.GoodsCreateController
Caused by: java.lang.NoClassDefFoundError: Could not initialize class com.example.goods.web.controller.GoodsCreateController

testIsGoodsDeactive_³íŒn_íœÏ‚Ì¤•iƒR[ƒh(com.example.goods.business.repository.GoodsRepositoryTest)  Time elapsed: 0 s  <<< ERROR!
java.lang.IllegalStateException: Failed to load ApplicationContext
Caused by: org.springframework.beans.factory.BeanCreationException: Error creating bean with name 'goodsCreateController' defined in file [C:\pleiades\workspace\17.Web.Warehouse3wakaranai\target\classes\com\example\goods\web\controller\GoodsCreateController.class]: Instantiation of bean failed; nested exception is java.lang.NoClassDefFoundError: Could not initialize class com.example.goods.web.controller.GoodsCreateController
Caused by: java.lang.NoClassDefFoundError: Could not initialize class com.example.goods.web.controller.GoodsCreateController

testFindAllGoods_³íŒn(com.example.goods.business.repository.GoodsRepositoryTest)  Time elapsed: 0 s  <<< ERROR!
java.lang.IllegalStateException: Failed to load ApplicationContext
Caused by: org.springframework.beans.factory.BeanCreationException: Error creating bean with name 'goodsCreateController' defined in file [C:\pleiades\workspace\17.Web.Warehouse3wakaranai\target\classes\com\example\goods\web\controller\GoodsCreateController.class]: Instantiation of bean failed; nested exception is java.lang.NoClassDefFoundError: Could not initialize class com.example.goods.web.controller.GoodsCreateController
Caused by: java.lang.NoClassDefFoundError: Could not initialize class com.example.goods.web.controller.GoodsCreateController

testDeleteGoods_ˆÙíŒn_‘¶Ý‚µ‚È‚¢¤•iƒR[ƒh(com.example.goods.business.repository.GoodsRepositoryTest)  Time elapsed: 0 s  <<< ERROR!
java.lang.IllegalStateException: Failed to load ApplicationContext
Caused by: org.springframework.beans.factory.BeanCreationException: Error creating bean with name 'goodsCreateController' defined in file [C:\pleiades\workspace\17.Web.Warehouse3wakaranai\target\classes\com\example\goods\web\controller\GoodsCreateController.class]: Instantiation of bean failed; nested exception is java.lang.NoClassDefFoundError: Could not initialize class com.example.goods.web.controller.GoodsCreateController
Caused by: java.lang.NoClassDefFoundError: Could not initialize class com.example.goods.web.controller.GoodsCreateController

testIsGoodsDeactive_³íŒn_“o˜^Ï‚Ì¤•iƒR[ƒh(com.example.goods.business.repository.GoodsRepositoryTest)  Time elapsed: 0 s  <<< ERROR!
java.lang.IllegalStateException: Failed to load ApplicationContext
Caused by: org.springframework.beans.factory.BeanCreationException: Error creating bean with name 'goodsCreateController' defined in file [C:\pleiades\workspace\17.Web.Warehouse3wakaranai\target\classes\com\example\goods\web\controller\GoodsCreateController.class]: Instantiation of bean failed; nested exception is java.lang.NoClassDefFoundError: Could not initialize class com.example.goods.web.controller.GoodsCreateController
Caused by: java.lang.NoClassDefFoundError: Could not initialize class com.example.goods.web.controller.GoodsCreateController

testCreateGoods_ˆÙíŒn_¤•iƒR[ƒh‚Ìd•¡(com.example.goods.business.repository.GoodsRepositoryTest)  Time elapsed: 0.001 s  <<< ERROR!
java.lang.IllegalStateException: Failed to load ApplicationContext
Caused by: org.springframework.beans.factory.BeanCreationException: Error creating bean with name 'goodsCreateController' defined in file [C:\pleiades\workspace\17.Web.Warehouse3wakaranai\target\classes\com\example\goods\web\controller\GoodsCreateController.class]: Instantiation of bean failed; nested exception is java.lang.NoClassDefFoundError: Could not initialize class com.example.goods.web.controller.GoodsCreateController
Caused by: java.lang.NoClassDefFoundError: Could not initialize class com.example.goods.web.controller.GoodsCreateController

testDeleteGoods_³íŒn(com.example.goods.business.repository.GoodsRepositoryTest)  Time elapsed: 0 s  <<< ERROR!
java.lang.IllegalStateException: Failed to load ApplicationContext
Caused by: org.springframework.beans.factory.BeanCreationException: Error creating bean with name 'goodsCreateController' defined in file [C:\pleiades\workspace\17.Web.Warehouse3wakaranai\target\classes\com\example\goods\web\controller\GoodsCreateController.class]: Instantiation of bean failed; nested exception is java.lang.NoClassDefFoundError: Could not initialize class com.example.goods.web.controller.GoodsCreateController
Caused by: java.lang.NoClassDefFoundError: Could not initialize class com.example.goods.web.controller.GoodsCreateController

